<?xml version="1.0" encoding="UTF-8"?>
<!-- Generated by org.testng.reporters.JUnitReportReporter -->
<testsuite hostname="RFPIO047Gowtham" name="com.sauce.test.GoogleSearch.SearchApplication" tests="1" failures="0" timestamp="11 Jan 2022 23:11:20 GMT" time="32.015" errors="0">
  <testcase name="testScenario1" time="32.015" classname="com.sauce.test.GoogleSearch.SearchApplication"/>
</testsuite> <!-- com.sauce.test.GoogleSearch.SearchApplication -->
